2026-04-05T20:34:33.944864+0530 | INFO | app.main:lifespan | Starting Multi-Disease Prediction System
2026-04-05T20:34:34.496684+0530 | INFO | app.core.database:init_db | Database initialized successfully
2026-04-05T20:34:34.501856+0530 | INFO | app.main:lifespan | Startup complete
2026-04-05T20:35:10.291138+0530 | INFO | app.ml.data_loader:load_heart_disease | Loaded heart.csv  shape=(297, 14)
2026-04-05T20:35:10.374384+0530 | INFO | app.ml.pipelines.preprocessing:preprocess_data | SMOTE → {1: np.int64(128), 0: np.int64(128)}
2026-04-05T20:35:10.375394+0530 | INFO | app.ml.pipelines.preprocessing:preprocess_data | Preprocessing done | disease=heart train=256 test=60 features=13
2026-04-05T20:35:13.948117+0530 | INFO | app.ml.data_loader:load_heart_disease | Loaded heart.csv  shape=(297, 14)
2026-04-05T20:35:14.019706+0530 | INFO | app.ml.pipelines.preprocessing:preprocess_data | SMOTE → {1: np.int64(128), 0: np.int64(128)}
2026-04-05T20:35:14.020969+0530 | INFO | app.ml.pipelines.preprocessing:preprocess_data | Preprocessing done | disease=heart train=256 test=60 features=13
2026-04-05T20:35:14.254991+0530 | INFO | app.ml.data_loader:load_heart_disease | Loaded heart.csv  shape=(297, 14)
2026-04-05T20:35:14.317182+0530 | INFO | app.ml.pipelines.preprocessing:preprocess_data | SMOTE → {1: np.int64(128), 0: np.int64(128)}
2026-04-05T20:35:14.318598+0530 | INFO | app.ml.pipelines.preprocessing:preprocess_data | Preprocessing done | disease=heart train=256 test=60 features=13
2026-04-05T20:35:14.433007+0530 | INFO | app.ml.data_loader:load_heart_disease | Loaded heart.csv  shape=(297, 14)
2026-04-05T20:35:14.485862+0530 | INFO | app.ml.pipelines.preprocessing:preprocess_data | SMOTE → {1: np.int64(128), 0: np.int64(128)}
2026-04-05T20:35:14.487186+0530 | INFO | app.ml.pipelines.preprocessing:preprocess_data | Preprocessing done | disease=heart train=256 test=60 features=13
2026-04-05T20:35:14.549003+0530 | INFO | app.ml.data_loader:load_heart_disease | Loaded heart.csv  shape=(297, 14)
2026-04-05T20:35:14.596428+0530 | INFO | app.ml.pipelines.preprocessing:preprocess_data | SMOTE → {1: np.int64(128), 0: np.int64(128)}
2026-04-05T20:35:14.596876+0530 | INFO | app.ml.pipelines.preprocessing:preprocess_data | Preprocessing done | disease=heart train=256 test=60 features=13
2026-04-05T20:35:14.633372+0530 | INFO | app.ml.data_loader:load_heart_disease | Loaded heart.csv  shape=(297, 14)
2026-04-05T20:35:14.670205+0530 | INFO | app.ml.pipelines.preprocessing:preprocess_data | SMOTE → {1: np.int64(128), 0: np.int64(128)}
2026-04-05T20:35:14.670864+0530 | INFO | app.ml.pipelines.preprocessing:preprocess_data | Preprocessing done | disease=heart train=256 test=60 features=13
2026-04-05T20:35:17.882094+0530 | INFO | app.ml.data_loader:load_heart_disease | Loaded heart.csv  shape=(297, 14)
2026-04-05T20:35:17.929864+0530 | INFO | app.ml.pipelines.preprocessing:preprocess_data | SMOTE → {1: np.int64(128), 0: np.int64(128)}
2026-04-05T20:35:17.930436+0530 | INFO | app.ml.pipelines.preprocessing:preprocess_data | Preprocessing done | disease=heart train=256 test=60 features=13
2026-04-05T20:35:27.927576+0530 | INFO | app.ml.data_loader:load_diabetes | Loaded diabetes.csv  shape=(768, 9)
2026-04-05T20:35:27.950951+0530 | INFO | app.ml.pipelines.preprocessing:_clean_diabetes | Diabetes: zero→median imputation applied
2026-04-05T20:35:27.987575+0530 | INFO | app.ml.pipelines.preprocessing:preprocess_data | SMOTE → {0: np.int64(400), 1: np.int64(400)}
2026-04-05T20:35:27.988480+0530 | INFO | app.ml.pipelines.preprocessing:preprocess_data | Preprocessing done | disease=diabetes train=800 test=154 features=8
2026-04-05T20:35:28.139015+0530 | INFO | app.ml.data_loader:load_diabetes | Loaded diabetes.csv  shape=(768, 9)
2026-04-05T20:35:28.155450+0530 | INFO | app.ml.pipelines.preprocessing:_clean_diabetes | Diabetes: zero→median imputation applied
2026-04-05T20:35:28.185903+0530 | INFO | app.ml.pipelines.preprocessing:preprocess_data | SMOTE → {0: np.int64(400), 1: np.int64(400)}
2026-04-05T20:35:28.186399+0530 | INFO | app.ml.pipelines.preprocessing:preprocess_data | Preprocessing done | disease=diabetes train=800 test=154 features=8
2026-04-05T20:35:28.275905+0530 | INFO | app.ml.data_loader:load_diabetes | Loaded diabetes.csv  shape=(768, 9)
2026-04-05T20:35:28.285230+0530 | INFO | app.ml.pipelines.preprocessing:_clean_diabetes | Diabetes: zero→median imputation applied
2026-04-05T20:35:28.363092+0530 | INFO | app.ml.pipelines.preprocessing:preprocess_data | SMOTE → {0: np.int64(400), 1: np.int64(400)}
2026-04-05T20:35:28.369371+0530 | INFO | app.ml.pipelines.preprocessing:preprocess_data | Preprocessing done | disease=diabetes train=800 test=154 features=8
2026-04-05T20:35:28.420136+0530 | INFO | app.ml.data_loader:load_diabetes | Loaded diabetes.csv  shape=(768, 9)
2026-04-05T20:35:28.428309+0530 | INFO | app.ml.pipelines.preprocessing:_clean_diabetes | Diabetes: zero→median imputation applied
2026-04-05T20:35:28.456622+0530 | INFO | app.ml.pipelines.preprocessing:preprocess_data | SMOTE → {0: np.int64(400), 1: np.int64(400)}
2026-04-05T20:35:28.457296+0530 | INFO | app.ml.pipelines.preprocessing:preprocess_data | Preprocessing done | disease=diabetes train=800 test=154 features=8
2026-04-05T20:35:28.486035+0530 | INFO | app.ml.data_loader:load_diabetes | Loaded diabetes.csv  shape=(768, 9)
2026-04-05T20:35:28.494243+0530 | INFO | app.ml.pipelines.preprocessing:_clean_diabetes | Diabetes: zero→median imputation applied
2026-04-05T20:35:28.518984+0530 | INFO | app.ml.pipelines.preprocessing:preprocess_data | SMOTE → {0: np.int64(400), 1: np.int64(400)}
2026-04-05T20:35:28.519418+0530 | INFO | app.ml.pipelines.preprocessing:preprocess_data | Preprocessing done | disease=diabetes train=800 test=154 features=8
2026-04-05T20:35:28.612010+0530 | INFO | app.ml.data_loader:load_diabetes | Loaded diabetes.csv  shape=(768, 9)
2026-04-05T20:35:28.627134+0530 | INFO | app.ml.pipelines.preprocessing:_clean_diabetes | Diabetes: zero→median imputation applied
2026-04-05T20:35:28.657801+0530 | INFO | app.ml.pipelines.preprocessing:preprocess_data | SMOTE → {0: np.int64(400), 1: np.int64(400)}
2026-04-05T20:35:28.658334+0530 | INFO | app.ml.pipelines.preprocessing:preprocess_data | Preprocessing done | disease=diabetes train=800 test=154 features=8
2026-04-05T20:35:28.811386+0530 | INFO | app.ml.data_loader:load_diabetes | Loaded diabetes.csv  shape=(768, 9)
2026-04-05T20:35:28.819743+0530 | INFO | app.ml.pipelines.preprocessing:_clean_diabetes | Diabetes: zero→median imputation applied
2026-04-05T20:35:28.851447+0530 | INFO | app.ml.pipelines.preprocessing:preprocess_data | SMOTE → {0: np.int64(400), 1: np.int64(400)}
2026-04-05T20:35:28.851962+0530 | INFO | app.ml.pipelines.preprocessing:preprocess_data | Preprocessing done | disease=diabetes train=800 test=154 features=8
2026-04-05T20:35:47.723666+0530 | INFO | app.ml.data_loader:load_heart_disease | Loaded heart.csv  shape=(297, 14)
2026-04-05T20:35:47.807563+0530 | INFO | app.ml.pipelines.preprocessing:preprocess_data | SMOTE → {1: np.int64(128), 0: np.int64(128)}
2026-04-05T20:35:47.816763+0530 | INFO | app.ml.pipelines.preprocessing:preprocess_data | Preprocessing done | disease=heart train=256 test=60 features=13
2026-04-05T20:39:28.970542+0530 | INFO | app.main:lifespan | Starting Multi-Disease Prediction System
2026-04-05T20:39:29.191685+0530 | INFO | app.core.database:init_db | Database initialized successfully
2026-04-05T20:39:29.193257+0530 | INFO | app.main:lifespan | Startup complete
2026-04-05T20:40:01.269408+0530 | INFO | app.main:lifespan | Starting Multi-Disease Prediction System
2026-04-05T20:40:01.471836+0530 | INFO | app.core.database:init_db | Database initialized successfully
2026-04-05T20:40:01.473774+0530 | INFO | app.main:lifespan | Startup complete
2026-04-05T20:41:10.163292+0530 | INFO | app.main:lifespan | Starting Multi-Disease Prediction System
2026-04-05T20:41:10.352704+0530 | INFO | app.core.database:init_db | Database initialized successfully
2026-04-05T20:41:10.354515+0530 | INFO | app.main:lifespan | Startup complete
2026-04-05T20:41:19.730343+0530 | INFO | app.main:lifespan | Starting Multi-Disease Prediction System
2026-04-05T20:41:19.909041+0530 | INFO | app.core.database:init_db | Database initialized successfully
2026-04-05T20:41:19.910730+0530 | INFO | app.main:lifespan | Startup complete
2026-04-05T20:42:00.559464+0530 | INFO | app.main:lifespan | Starting Multi-Disease Prediction System
2026-04-05T20:42:00.732704+0530 | INFO | app.core.database:init_db | Database initialized successfully
2026-04-05T20:42:00.733575+0530 | INFO | app.main:lifespan | Startup complete
2026-04-05T20:42:07.296067+0530 | INFO | app.main:lifespan | Starting Multi-Disease Prediction System
2026-04-05T20:42:07.448858+0530 | INFO | app.core.database:init_db | Database initialized successfully
2026-04-05T20:42:07.450281+0530 | INFO | app.main:lifespan | Startup complete
2026-04-05T20:42:56.597797+0530 | INFO | app.main:lifespan | Starting Multi-Disease Prediction System
2026-04-05T20:42:56.806774+0530 | INFO | app.core.database:init_db | Database initialized successfully
2026-04-05T20:42:56.808576+0530 | INFO | app.main:lifespan | Startup complete
2026-04-05T20:43:20.714764+0530 | INFO | app.main:lifespan | Starting Multi-Disease Prediction System
2026-04-05T20:43:20.902809+0530 | INFO | app.core.database:init_db | Database initialized successfully
2026-04-05T20:43:20.904307+0530 | INFO | app.main:lifespan | Startup complete
2026-04-05T20:43:39.026606+0530 | INFO | app.main:lifespan | Starting Multi-Disease Prediction System
2026-04-05T20:43:39.209195+0530 | INFO | app.core.database:init_db | Database initialized successfully
2026-04-05T20:43:39.210486+0530 | INFO | app.main:lifespan | Startup complete
2026-04-05T20:44:02.127082+0530 | INFO | app.main:lifespan | Starting Multi-Disease Prediction System
2026-04-05T20:44:02.418076+0530 | INFO | app.core.database:init_db | Database initialized successfully
2026-04-05T20:44:02.419651+0530 | INFO | app.main:lifespan | Startup complete
2026-04-05T20:44:14.292106+0530 | INFO | app.main:lifespan | Starting Multi-Disease Prediction System
2026-04-05T20:44:14.514030+0530 | INFO | app.core.database:init_db | Database initialized successfully
2026-04-05T20:44:14.515861+0530 | INFO | app.main:lifespan | Startup complete
2026-04-05T20:50:15.798687+0530 | INFO | app.services.mlflow_service:create_experiment | Created experiment: multi-disease-models (0faa4782)
2026-04-05T20:50:15.802250+0530 | INFO | app.services.mlflow_service:start_run | Started run: heart_random_forest (74876e2e-d14)
2026-04-05T20:50:15.809405+0530 | INFO | app.services.mlflow_service:end_run | Ended run: 74876e2e-d14 with status completed
2026-04-05T20:50:15.813273+0530 | INFO | app.services.mlflow_service:register_model | Registered model: heart_model v1
2026-04-05T20:50:15.816438+0530 | INFO | app.services.mlflow_service:start_run | Started run: heart_xgboost (92da14ef-aa2)
2026-04-05T20:50:15.824434+0530 | INFO | app.services.mlflow_service:end_run | Ended run: 92da14ef-aa2 with status completed
2026-04-05T20:50:15.827012+0530 | INFO | app.services.mlflow_service:register_model | Registered model: heart_model v2
2026-04-05T20:50:15.834769+0530 | INFO | app.services.mlflow_service:start_run | Started run: diabetes_random_forest (c85429d4-985)
2026-04-05T20:50:15.842383+0530 | INFO | app.services.mlflow_service:end_run | Ended run: c85429d4-985 with status completed
2026-04-05T20:50:15.844538+0530 | INFO | app.services.mlflow_service:register_model | Registered model: diabetes_model v1
2026-04-05T20:50:15.847208+0530 | INFO | app.services.mlflow_service:start_run | Started run: diabetes_xgboost (5160e4ae-a14)
2026-04-05T20:50:15.851750+0530 | INFO | app.services.mlflow_service:end_run | Ended run: 5160e4ae-a14 with status completed
2026-04-05T20:50:15.856821+0530 | INFO | app.services.mlflow_service:register_model | Registered model: diabetes_model v2
2026-04-05T20:50:15.860964+0530 | INFO | app.services.mlflow_service:start_run | Started run: kidney_random_forest (0492f365-ea5)
2026-04-05T20:50:15.865752+0530 | INFO | app.services.mlflow_service:end_run | Ended run: 0492f365-ea5 with status completed
2026-04-05T20:50:15.869529+0530 | INFO | app.services.mlflow_service:register_model | Registered model: kidney_model v1
2026-04-05T20:50:15.874496+0530 | INFO | app.services.mlflow_service:start_run | Started run: kidney_xgboost (6249b814-3d5)
2026-04-05T20:50:15.880240+0530 | INFO | app.services.mlflow_service:end_run | Ended run: 6249b814-3d5 with status completed
2026-04-05T20:50:15.882418+0530 | INFO | app.services.mlflow_service:register_model | Registered model: kidney_model v2
2026-04-05T20:50:15.885633+0530 | INFO | app.services.mlflow_service:transition_model_stage | Model heart_model v1: staging -> production
2026-04-05T20:50:15.889148+0530 | INFO | app.services.mlflow_service:transition_model_stage | Model diabetes_model v1: staging -> production
2026-04-05T20:50:15.891682+0530 | INFO | app.services.mlflow_service:transition_model_stage | Model kidney_model v1: staging -> production
2026-04-05T20:50:15.892498+0530 | INFO | app.services.mlflow_service:initialize_demo_tracking | Demo tracking data initialized
2026-04-05T20:50:24.562339+0530 | INFO | app.ml.data_loader:load_heart_disease | Loaded heart.csv  shape=(297, 14)
2026-04-05T20:50:24.597692+0530 | INFO | app.ml.pipelines.preprocessing:preprocess_data | SMOTE → {1: np.int64(128), 0: np.int64(128)}
2026-04-05T20:50:24.598542+0530 | INFO | app.ml.pipelines.preprocessing:preprocess_data | Preprocessing done | disease=heart train=256 test=60 features=13
2026-04-05T20:51:04.348443+0530 | ERROR | app.services.uncertainty_service:quantify_uncertainty | Uncertainty quantification failed: 'TrainingService' object has no attribute 'predict'
2026-04-05T20:51:23.356412+0530 | WARNING | app.services.multilabel_service:predict_all_diseases | Failed to predict heart: 'TrainingService' object has no attribute 'predict'
2026-04-05T20:51:23.375300+0530 | WARNING | app.services.multilabel_service:predict_all_diseases | Failed to predict diabetes: 'TrainingService' object has no attribute 'predict'
2026-04-05T20:51:23.388582+0530 | WARNING | app.services.multilabel_service:predict_all_diseases | Failed to predict kidney: 'TrainingService' object has no attribute 'predict'
2026-04-06T10:25:59.616820+0530 | INFO | app.main:lifespan | Starting Multi-Disease Prediction System
2026-04-06T10:25:59.987193+0530 | INFO | app.core.database:init_db | Database initialized successfully
2026-04-06T10:25:59.991218+0530 | INFO | app.main:lifespan | Startup complete
2026-04-06T10:31:22.583327+0530 | INFO | app.ml.data_loader:load_heart_disease | Loaded heart.csv  shape=(297, 14)
2026-04-06T10:31:22.666859+0530 | INFO | app.services.outlier_service:compute_feature_stats | Saved feature stats for heart: 14 features
2026-04-06T10:31:22.693265+0530 | INFO | app.services.prediction_service:predict | Auto-selected: stacking for heart
2026-04-06T10:31:23.051884+0530 | WARNING | app.ml.explainability.shap_explainer:get_shap_explanation | SHAP explanation failed: 'StackingClassifier' object has no attribute 'named_steps'
2026-04-06T10:31:23.052823+0530 | INFO | app.services.prediction_service:predict | Prediction | disease=heart model=stacking result=1 (Heart Disease Detected) confidence=0.582
2026-04-06T10:31:23.184874+0530 | INFO | app.ml.data_loader:load_heart_disease | Loaded heart.csv  shape=(297, 14)
2026-04-06T10:31:23.238054+0530 | INFO | app.services.lime_service:_get_explainer | Created LIME explainer for heart
2026-04-06T10:31:23.241010+0530 | ERROR | app.services.lime_service:explain_prediction | LIME explanation failed: index 13 is out of bounds for axis 0 with size 13
2026-04-06T10:31:23.288534+0530 | INFO | app.routes.predict:_save_prediction | Prediction saved to DB: id=4
2026-04-06T10:32:00.284123+0530 | WARNING | app.services.multilabel_service:predict_all_diseases | Failed to predict heart: 'TrainingService' object has no attribute 'predict'
2026-04-06T10:32:00.286797+0530 | WARNING | app.services.multilabel_service:predict_all_diseases | Failed to predict diabetes: 'TrainingService' object has no attribute 'predict'
2026-04-06T10:32:00.289951+0530 | WARNING | app.services.multilabel_service:predict_all_diseases | Failed to predict kidney: 'TrainingService' object has no attribute 'predict'
2026-04-06T10:32:47.684526+0530 | ERROR | app.services.uncertainty_service:quantify_uncertainty | Uncertainty quantification failed: 'TrainingService' object has no attribute 'predict'
2026-04-06T10:32:58.674130+0530 | ERROR | app.services.uncertainty_service:quantify_uncertainty | Uncertainty quantification failed: 'TrainingService' object has no attribute 'predict'
2026-04-06T10:34:09.225418+0530 | INFO | app.ml.data_loader:load_heart_disease | Loaded heart.csv  shape=(297, 14)
2026-04-06T10:34:09.309721+0530 | INFO | app.ml.pipelines.preprocessing:preprocess_data | SMOTE → {1: np.int64(128), 0: np.int64(128)}
2026-04-06T10:34:09.312225+0530 | INFO | app.ml.pipelines.preprocessing:preprocess_data | Preprocessing done | disease=heart train=256 test=60 features=13
2026-04-06T10:36:47.773369+0530 | INFO | app.ml.data_loader:load_kidney_disease | Loaded kidney.csv  shape=(400, 26)  cols=['id', 'age', 'bp', 'sg', 'al']…
2026-04-06T10:36:47.869776+0530 | WARNING | app.ml.pipelines.preprocessing:preprocess_data | SMOTE skipped: The target 'y' needs to have more than 1 class. Got 1 class instead
2026-04-06T10:36:47.870845+0530 | INFO | app.ml.pipelines.preprocessing:preprocess_data | Preprocessing done | disease=kidney train=320 test=80 features=14
2026-04-06T10:36:47.872293+0530 | WARNING | app.services.performance_curves_service:compare_models | Could not generate curves for logistic_regression: The feature names should match those that were passed during fit.
Feature names unseen at fit time:
- al
- bgr
- bp
- bu
- hemo
- ...
Feature names seen at fit time, yet now missing:
- albumin
- anemia
- appetite
- bacteria
- blood_glucose_random
- ...

2026-04-06T10:36:48.070666+0530 | INFO | app.ml.data_loader:load_kidney_disease | Loaded kidney.csv  shape=(400, 26)  cols=['id', 'age', 'bp', 'sg', 'al']…
2026-04-06T10:36:48.167852+0530 | WARNING | app.ml.pipelines.preprocessing:preprocess_data | SMOTE skipped: The target 'y' needs to have more than 1 class. Got 1 class instead
2026-04-06T10:36:48.168957+0530 | INFO | app.ml.pipelines.preprocessing:preprocess_data | Preprocessing done | disease=kidney train=320 test=80 features=14
2026-04-06T10:36:48.170168+0530 | WARNING | app.services.performance_curves_service:compare_models | Could not generate curves for random_forest: The feature names should match those that were passed during fit.
Feature names unseen at fit time:
- al
- bgr
- bp
- bu
- hemo
- ...
Feature names seen at fit time, yet now missing:
- albumin
- anemia
- appetite
- bacteria
- blood_glucose_random
- ...

2026-04-06T10:36:48.192277+0530 | INFO | app.ml.data_loader:load_kidney_disease | Loaded kidney.csv  shape=(400, 26)  cols=['id', 'age', 'bp', 'sg', 'al']…
2026-04-06T10:36:48.275167+0530 | WARNING | app.ml.pipelines.preprocessing:preprocess_data | SMOTE skipped: The target 'y' needs to have more than 1 class. Got 1 class instead
2026-04-06T10:36:48.276127+0530 | INFO | app.ml.pipelines.preprocessing:preprocess_data | Preprocessing done | disease=kidney train=320 test=80 features=14
2026-04-06T10:36:48.277740+0530 | WARNING | app.services.performance_curves_service:compare_models | Could not generate curves for svm: The feature names should match those that were passed during fit.
Feature names unseen at fit time:
- al
- bgr
- bp
- bu
- hemo
- ...
Feature names seen at fit time, yet now missing:
- albumin
- anemia
- appetite
- bacteria
- blood_glucose_random
- ...

2026-04-06T10:36:48.305013+0530 | INFO | app.ml.data_loader:load_kidney_disease | Loaded kidney.csv  shape=(400, 26)  cols=['id', 'age', 'bp', 'sg', 'al']…
2026-04-06T10:36:48.385465+0530 | WARNING | app.ml.pipelines.preprocessing:preprocess_data | SMOTE skipped: The target 'y' needs to have more than 1 class. Got 1 class instead
2026-04-06T10:36:48.386391+0530 | INFO | app.ml.pipelines.preprocessing:preprocess_data | Preprocessing done | disease=kidney train=320 test=80 features=14
2026-04-06T10:36:48.391135+0530 | WARNING | app.services.performance_curves_service:compare_models | Could not generate curves for xgboost: feature_names mismatch: ['age', 'blood_pressure', 'specific_gravity', 'albumin', 'sugar', 'red_blood_cells', 'pus_cell', 'pus_cell_clumps', 'bacteria', 'blood_glucose_random', 'blood_urea', 'serum_creatinine', 'sodium', 'potassium', 'haemoglobin', 'packed_cell_volume', 'white_blood_cell_count', 'red_blood_cell_count', 'hypertension', 'diabetes_mellitus', 'coronary_artery_disease', 'appetite', 'pedal_edema', 'anemia'] ['age', 'bp', 'sg', 'al', 'su', 'bgr', 'bu', 'sc', 'sod', 'pot', 'hemo', 'pcv', 'wc', 'rc']
expected potassium, pus_cell_clumps, packed_cell_volume, pus_cell, blood_urea, appetite, diabetes_mellitus, albumin, bacteria, serum_creatinine, specific_gravity, pedal_edema, red_blood_cells, blood_pressure, sodium, white_blood_cell_count, blood_glucose_random, haemoglobin, sugar, hypertension, anemia, coronary_artery_disease, red_blood_cell_count in input data
training data did not have the following fields: wc, sc, pcv, bgr, bp, rc, pot, al, sg, su, sod, hemo, bu
2026-04-06T10:36:48.423581+0530 | INFO | app.ml.data_loader:load_kidney_disease | Loaded kidney.csv  shape=(400, 26)  cols=['id', 'age', 'bp', 'sg', 'al']…
2026-04-06T10:36:48.502938+0530 | WARNING | app.ml.pipelines.preprocessing:preprocess_data | SMOTE skipped: The target 'y' needs to have more than 1 class. Got 1 class instead
2026-04-06T10:36:48.503780+0530 | INFO | app.ml.pipelines.preprocessing:preprocess_data | Preprocessing done | disease=kidney train=320 test=80 features=14
2026-04-06T10:36:51.290777+0530 | WARNING | app.services.performance_curves_service:compare_models | Could not generate curves for lightgbm: The number of features in data (14) is not the same as it was in training data (24).
You can set ``predict_disable_shape_check=true`` to discard this error, but please be aware what you are doing.
2026-04-06T10:36:51.453467+0530 | INFO | app.ml.data_loader:load_kidney_disease | Loaded kidney.csv  shape=(400, 26)  cols=['id', 'age', 'bp', 'sg', 'al']…
2026-04-06T10:36:51.565535+0530 | WARNING | app.ml.pipelines.preprocessing:preprocess_data | SMOTE skipped: The target 'y' needs to have more than 1 class. Got 1 class instead
2026-04-06T10:36:51.566516+0530 | INFO | app.ml.pipelines.preprocessing:preprocess_data | Preprocessing done | disease=kidney train=320 test=80 features=14
2026-04-06T10:36:51.567952+0530 | WARNING | app.services.performance_curves_service:compare_models | Could not generate curves for stacking: The feature names should match those that were passed during fit.
Feature names unseen at fit time:
- al
- bgr
- bp
- bu
- hemo
- ...
Feature names seen at fit time, yet now missing:
- albumin
- anemia
- appetite
- bacteria
- blood_glucose_random
- ...

2026-04-06T10:36:51.598362+0530 | INFO | app.ml.data_loader:load_kidney_disease | Loaded kidney.csv  shape=(400, 26)  cols=['id', 'age', 'bp', 'sg', 'al']…
2026-04-06T10:36:51.679504+0530 | WARNING | app.ml.pipelines.preprocessing:preprocess_data | SMOTE skipped: The target 'y' needs to have more than 1 class. Got 1 class instead
2026-04-06T10:36:51.680498+0530 | INFO | app.ml.pipelines.preprocessing:preprocess_data | Preprocessing done | disease=kidney train=320 test=80 features=14
2026-04-06T10:36:51.685266+0530 | ERROR | app.routes.analytics:get_threshold_metrics | Get threshold metrics failed: feature_names mismatch: ['age', 'blood_pressure', 'specific_gravity', 'albumin', 'sugar', 'red_blood_cells', 'pus_cell', 'pus_cell_clumps', 'bacteria', 'blood_glucose_random', 'blood_urea', 'serum_creatinine', 'sodium', 'potassium', 'haemoglobin', 'packed_cell_volume', 'white_blood_cell_count', 'red_blood_cell_count', 'hypertension', 'diabetes_mellitus', 'coronary_artery_disease', 'appetite', 'pedal_edema', 'anemia'] ['age', 'bp', 'sg', 'al', 'su', 'bgr', 'bu', 'sc', 'sod', 'pot', 'hemo', 'pcv', 'wc', 'rc']
expected potassium, pus_cell_clumps, packed_cell_volume, pus_cell, blood_urea, appetite, diabetes_mellitus, albumin, bacteria, serum_creatinine, specific_gravity, pedal_edema, red_blood_cells, blood_pressure, sodium, white_blood_cell_count, blood_glucose_random, haemoglobin, sugar, hypertension, anemia, coronary_artery_disease, red_blood_cell_count in input data
training data did not have the following fields: wc, sc, pcv, bgr, bp, rc, pot, al, sg, su, sod, hemo, bu
2026-04-06T10:36:52.751427+0530 | INFO | app.ml.data_loader:load_kidney_disease | Loaded kidney.csv  shape=(400, 26)  cols=['id', 'age', 'bp', 'sg', 'al']…
2026-04-06T10:36:52.843791+0530 | WARNING | app.ml.pipelines.preprocessing:preprocess_data | SMOTE skipped: The target 'y' needs to have more than 1 class. Got 1 class instead
2026-04-06T10:36:52.844712+0530 | INFO | app.ml.pipelines.preprocessing:preprocess_data | Preprocessing done | disease=kidney train=320 test=80 features=14
2026-04-06T10:36:52.849110+0530 | ERROR | app.routes.analytics:get_threshold_metrics | Get threshold metrics failed: feature_names mismatch: ['age', 'blood_pressure', 'specific_gravity', 'albumin', 'sugar', 'red_blood_cells', 'pus_cell', 'pus_cell_clumps', 'bacteria', 'blood_glucose_random', 'blood_urea', 'serum_creatinine', 'sodium', 'potassium', 'haemoglobin', 'packed_cell_volume', 'white_blood_cell_count', 'red_blood_cell_count', 'hypertension', 'diabetes_mellitus', 'coronary_artery_disease', 'appetite', 'pedal_edema', 'anemia'] ['age', 'bp', 'sg', 'al', 'su', 'bgr', 'bu', 'sc', 'sod', 'pot', 'hemo', 'pcv', 'wc', 'rc']
expected potassium, pus_cell_clumps, packed_cell_volume, pus_cell, blood_urea, appetite, diabetes_mellitus, albumin, bacteria, serum_creatinine, specific_gravity, pedal_edema, red_blood_cells, blood_pressure, sodium, white_blood_cell_count, blood_glucose_random, haemoglobin, sugar, hypertension, anemia, coronary_artery_disease, red_blood_cell_count in input data
training data did not have the following fields: wc, sc, pcv, bgr, bp, rc, pot, al, sg, su, sod, hemo, bu
2026-04-12T18:33:47.383843+0530 | INFO | app.main:lifespan | Starting Multi-Disease Prediction System
2026-04-12T18:33:47.882404+0530 | INFO | app.core.database:init_db | Database initialized successfully
2026-04-12T18:33:47.885070+0530 | INFO | app.main:lifespan | Startup complete
2026-04-12T18:40:54.356115+0530 | INFO | app.ml.data_loader:load_heart_disease | Loaded heart.csv  shape=(297, 14)
2026-04-12T18:40:54.482724+0530 | INFO | app.ml.pipelines.preprocessing:preprocess_data | SMOTE → {1: np.int64(128), 0: np.int64(128)}
2026-04-12T18:40:54.484444+0530 | INFO | app.ml.pipelines.preprocessing:preprocess_data | Preprocessing done | disease=heart train=256 test=60 features=13
2026-04-12T18:42:06.806751+0530 | INFO | app.ml.data_loader:load_kidney_disease | Loaded kidney.csv  shape=(400, 26)  cols=['id', 'age', 'bp', 'sg', 'al']…
2026-04-12T18:42:06.850300+0530 | WARNING | app.ml.pipelines.preprocessing:preprocess_data | SMOTE skipped: The target 'y' needs to have more than 1 class. Got 1 class instead
2026-04-12T18:42:06.850778+0530 | INFO | app.ml.pipelines.preprocessing:preprocess_data | Preprocessing done | disease=kidney train=320 test=80 features=14
2026-04-12T18:42:06.857051+0530 | ERROR | app.routes.analytics:get_performance_curves | Generate curves failed: feature_names mismatch: ['age', 'blood_pressure', 'specific_gravity', 'albumin', 'sugar', 'red_blood_cells', 'pus_cell', 'pus_cell_clumps', 'bacteria', 'blood_glucose_random', 'blood_urea', 'serum_creatinine', 'sodium', 'potassium', 'haemoglobin', 'packed_cell_volume', 'white_blood_cell_count', 'red_blood_cell_count', 'hypertension', 'diabetes_mellitus', 'coronary_artery_disease', 'appetite', 'pedal_edema', 'anemia'] ['age', 'bp', 'sg', 'al', 'su', 'bgr', 'bu', 'sc', 'sod', 'pot', 'hemo', 'pcv', 'wc', 'rc']
expected albumin, white_blood_cell_count, specific_gravity, hypertension, haemoglobin, serum_creatinine, sodium, bacteria, sugar, blood_pressure, potassium, pedal_edema, diabetes_mellitus, packed_cell_volume, appetite, coronary_artery_disease, pus_cell, pus_cell_clumps, red_blood_cells, blood_urea, anemia, blood_glucose_random, red_blood_cell_count in input data
training data did not have the following fields: bu, sg, pot, bp, al, sc, sod, rc, su, hemo, wc, bgr, pcv
2026-04-12T18:42:06.875552+0530 | INFO | app.ml.data_loader:load_kidney_disease | Loaded kidney.csv  shape=(400, 26)  cols=['id', 'age', 'bp', 'sg', 'al']…
2026-04-12T18:42:06.919047+0530 | WARNING | app.ml.pipelines.preprocessing:preprocess_data | SMOTE skipped: The target 'y' needs to have more than 1 class. Got 1 class instead
2026-04-12T18:42:06.919578+0530 | INFO | app.ml.pipelines.preprocessing:preprocess_data | Preprocessing done | disease=kidney train=320 test=80 features=14
2026-04-12T18:42:06.922073+0530 | ERROR | app.routes.analytics:get_threshold_metrics | Get threshold metrics failed: feature_names mismatch: ['age', 'blood_pressure', 'specific_gravity', 'albumin', 'sugar', 'red_blood_cells', 'pus_cell', 'pus_cell_clumps', 'bacteria', 'blood_glucose_random', 'blood_urea', 'serum_creatinine', 'sodium', 'potassium', 'haemoglobin', 'packed_cell_volume', 'white_blood_cell_count', 'red_blood_cell_count', 'hypertension', 'diabetes_mellitus', 'coronary_artery_disease', 'appetite', 'pedal_edema', 'anemia'] ['age', 'bp', 'sg', 'al', 'su', 'bgr', 'bu', 'sc', 'sod', 'pot', 'hemo', 'pcv', 'wc', 'rc']
expected albumin, white_blood_cell_count, specific_gravity, hypertension, haemoglobin, serum_creatinine, sodium, bacteria, sugar, blood_pressure, potassium, pedal_edema, diabetes_mellitus, packed_cell_volume, appetite, coronary_artery_disease, pus_cell, pus_cell_clumps, red_blood_cells, blood_urea, anemia, blood_glucose_random, red_blood_cell_count in input data
training data did not have the following fields: bu, sg, pot, bp, al, sc, sod, rc, su, hemo, wc, bgr, pcv
2026-04-12T18:42:07.890698+0530 | INFO | app.ml.data_loader:load_kidney_disease | Loaded kidney.csv  shape=(400, 26)  cols=['id', 'age', 'bp', 'sg', 'al']…
2026-04-12T18:42:07.932692+0530 | WARNING | app.ml.pipelines.preprocessing:preprocess_data | SMOTE skipped: The target 'y' needs to have more than 1 class. Got 1 class instead
2026-04-12T18:42:07.933180+0530 | INFO | app.ml.pipelines.preprocessing:preprocess_data | Preprocessing done | disease=kidney train=320 test=80 features=14
2026-04-12T18:42:07.935559+0530 | ERROR | app.routes.analytics:get_performance_curves | Generate curves failed: feature_names mismatch: ['age', 'blood_pressure', 'specific_gravity', 'albumin', 'sugar', 'red_blood_cells', 'pus_cell', 'pus_cell_clumps', 'bacteria', 'blood_glucose_random', 'blood_urea', 'serum_creatinine', 'sodium', 'potassium', 'haemoglobin', 'packed_cell_volume', 'white_blood_cell_count', 'red_blood_cell_count', 'hypertension', 'diabetes_mellitus', 'coronary_artery_disease', 'appetite', 'pedal_edema', 'anemia'] ['age', 'bp', 'sg', 'al', 'su', 'bgr', 'bu', 'sc', 'sod', 'pot', 'hemo', 'pcv', 'wc', 'rc']
expected albumin, white_blood_cell_count, specific_gravity, hypertension, haemoglobin, serum_creatinine, sodium, bacteria, sugar, blood_pressure, potassium, pedal_edema, diabetes_mellitus, packed_cell_volume, appetite, coronary_artery_disease, pus_cell, pus_cell_clumps, red_blood_cells, blood_urea, anemia, blood_glucose_random, red_blood_cell_count in input data
training data did not have the following fields: bu, sg, pot, bp, al, sc, sod, rc, su, hemo, wc, bgr, pcv
2026-04-12T18:42:07.980396+0530 | INFO | app.ml.data_loader:load_kidney_disease | Loaded kidney.csv  shape=(400, 26)  cols=['id', 'age', 'bp', 'sg', 'al']…
2026-04-12T18:42:08.115518+0530 | WARNING | app.ml.pipelines.preprocessing:preprocess_data | SMOTE skipped: The target 'y' needs to have more than 1 class. Got 1 class instead
2026-04-12T18:42:08.131509+0530 | INFO | app.ml.pipelines.preprocessing:preprocess_data | Preprocessing done | disease=kidney train=320 test=80 features=14
2026-04-12T18:42:08.144476+0530 | ERROR | app.routes.analytics:get_threshold_metrics | Get threshold metrics failed: feature_names mismatch: ['age', 'blood_pressure', 'specific_gravity', 'albumin', 'sugar', 'red_blood_cells', 'pus_cell', 'pus_cell_clumps', 'bacteria', 'blood_glucose_random', 'blood_urea', 'serum_creatinine', 'sodium', 'potassium', 'haemoglobin', 'packed_cell_volume', 'white_blood_cell_count', 'red_blood_cell_count', 'hypertension', 'diabetes_mellitus', 'coronary_artery_disease', 'appetite', 'pedal_edema', 'anemia'] ['age', 'bp', 'sg', 'al', 'su', 'bgr', 'bu', 'sc', 'sod', 'pot', 'hemo', 'pcv', 'wc', 'rc']
expected albumin, white_blood_cell_count, specific_gravity, hypertension, haemoglobin, serum_creatinine, sodium, bacteria, sugar, blood_pressure, potassium, pedal_edema, diabetes_mellitus, packed_cell_volume, appetite, coronary_artery_disease, pus_cell, pus_cell_clumps, red_blood_cells, blood_urea, anemia, blood_glucose_random, red_blood_cell_count in input data
training data did not have the following fields: bu, sg, pot, bp, al, sc, sod, rc, su, hemo, wc, bgr, pcv
2026-04-12T18:42:24.427339+0530 | INFO | app.ml.data_loader:load_kidney_disease | Loaded kidney.csv  shape=(400, 26)  cols=['id', 'age', 'bp', 'sg', 'al']…
2026-04-12T18:42:24.557185+0530 | WARNING | app.ml.pipelines.preprocessing:preprocess_data | SMOTE skipped: The target 'y' needs to have more than 1 class. Got 1 class instead
2026-04-12T18:42:24.558092+0530 | INFO | app.ml.pipelines.preprocessing:preprocess_data | Preprocessing done | disease=kidney train=320 test=80 features=14
2026-04-12T18:42:24.565578+0530 | ERROR | app.routes.analytics:get_performance_curves | Generate curves failed: feature_names mismatch: ['age', 'blood_pressure', 'specific_gravity', 'albumin', 'sugar', 'red_blood_cells', 'pus_cell', 'pus_cell_clumps', 'bacteria', 'blood_glucose_random', 'blood_urea', 'serum_creatinine', 'sodium', 'potassium', 'haemoglobin', 'packed_cell_volume', 'white_blood_cell_count', 'red_blood_cell_count', 'hypertension', 'diabetes_mellitus', 'coronary_artery_disease', 'appetite', 'pedal_edema', 'anemia'] ['age', 'bp', 'sg', 'al', 'su', 'bgr', 'bu', 'sc', 'sod', 'pot', 'hemo', 'pcv', 'wc', 'rc']
expected albumin, white_blood_cell_count, specific_gravity, hypertension, haemoglobin, serum_creatinine, sodium, bacteria, sugar, blood_pressure, potassium, pedal_edema, diabetes_mellitus, packed_cell_volume, appetite, coronary_artery_disease, pus_cell, pus_cell_clumps, red_blood_cells, blood_urea, anemia, blood_glucose_random, red_blood_cell_count in input data
training data did not have the following fields: bu, sg, pot, bp, al, sc, sod, rc, su, hemo, wc, bgr, pcv
2026-04-12T18:42:24.606934+0530 | INFO | app.ml.data_loader:load_kidney_disease | Loaded kidney.csv  shape=(400, 26)  cols=['id', 'age', 'bp', 'sg', 'al']…
2026-04-12T18:42:24.752426+0530 | WARNING | app.ml.pipelines.preprocessing:preprocess_data | SMOTE skipped: The target 'y' needs to have more than 1 class. Got 1 class instead
2026-04-12T18:42:24.753295+0530 | INFO | app.ml.pipelines.preprocessing:preprocess_data | Preprocessing done | disease=kidney train=320 test=80 features=14
2026-04-12T18:42:24.757507+0530 | ERROR | app.routes.analytics:get_threshold_metrics | Get threshold metrics failed: feature_names mismatch: ['age', 'blood_pressure', 'specific_gravity', 'albumin', 'sugar', 'red_blood_cells', 'pus_cell', 'pus_cell_clumps', 'bacteria', 'blood_glucose_random', 'blood_urea', 'serum_creatinine', 'sodium', 'potassium', 'haemoglobin', 'packed_cell_volume', 'white_blood_cell_count', 'red_blood_cell_count', 'hypertension', 'diabetes_mellitus', 'coronary_artery_disease', 'appetite', 'pedal_edema', 'anemia'] ['age', 'bp', 'sg', 'al', 'su', 'bgr', 'bu', 'sc', 'sod', 'pot', 'hemo', 'pcv', 'wc', 'rc']
expected albumin, white_blood_cell_count, specific_gravity, hypertension, haemoglobin, serum_creatinine, sodium, bacteria, sugar, blood_pressure, potassium, pedal_edema, diabetes_mellitus, packed_cell_volume, appetite, coronary_artery_disease, pus_cell, pus_cell_clumps, red_blood_cells, blood_urea, anemia, blood_glucose_random, red_blood_cell_count in input data
training data did not have the following fields: bu, sg, pot, bp, al, sc, sod, rc, su, hemo, wc, bgr, pcv
2026-04-12T18:42:25.605940+0530 | INFO | app.ml.data_loader:load_kidney_disease | Loaded kidney.csv  shape=(400, 26)  cols=['id', 'age', 'bp', 'sg', 'al']…
2026-04-12T18:42:25.721752+0530 | WARNING | app.ml.pipelines.preprocessing:preprocess_data | SMOTE skipped: The target 'y' needs to have more than 1 class. Got 1 class instead
2026-04-12T18:42:25.722411+0530 | INFO | app.ml.pipelines.preprocessing:preprocess_data | Preprocessing done | disease=kidney train=320 test=80 features=14
2026-04-12T18:42:25.728175+0530 | ERROR | app.routes.analytics:get_performance_curves | Generate curves failed: feature_names mismatch: ['age', 'blood_pressure', 'specific_gravity', 'albumin', 'sugar', 'red_blood_cells', 'pus_cell', 'pus_cell_clumps', 'bacteria', 'blood_glucose_random', 'blood_urea', 'serum_creatinine', 'sodium', 'potassium', 'haemoglobin', 'packed_cell_volume', 'white_blood_cell_count', 'red_blood_cell_count', 'hypertension', 'diabetes_mellitus', 'coronary_artery_disease', 'appetite', 'pedal_edema', 'anemia'] ['age', 'bp', 'sg', 'al', 'su', 'bgr', 'bu', 'sc', 'sod', 'pot', 'hemo', 'pcv', 'wc', 'rc']
expected albumin, white_blood_cell_count, specific_gravity, hypertension, haemoglobin, serum_creatinine, sodium, bacteria, sugar, blood_pressure, potassium, pedal_edema, diabetes_mellitus, packed_cell_volume, appetite, coronary_artery_disease, pus_cell, pus_cell_clumps, red_blood_cells, blood_urea, anemia, blood_glucose_random, red_blood_cell_count in input data
training data did not have the following fields: bu, sg, pot, bp, al, sc, sod, rc, su, hemo, wc, bgr, pcv
2026-04-12T18:42:25.849002+0530 | INFO | app.ml.data_loader:load_kidney_disease | Loaded kidney.csv  shape=(400, 26)  cols=['id', 'age', 'bp', 'sg', 'al']…
2026-04-12T18:42:25.967773+0530 | WARNING | app.ml.pipelines.preprocessing:preprocess_data | SMOTE skipped: The target 'y' needs to have more than 1 class. Got 1 class instead
2026-04-12T18:42:25.968987+0530 | INFO | app.ml.pipelines.preprocessing:preprocess_data | Preprocessing done | disease=kidney train=320 test=80 features=14
2026-04-12T18:42:25.973201+0530 | ERROR | app.routes.analytics:get_threshold_metrics | Get threshold metrics failed: feature_names mismatch: ['age', 'blood_pressure', 'specific_gravity', 'albumin', 'sugar', 'red_blood_cells', 'pus_cell', 'pus_cell_clumps', 'bacteria', 'blood_glucose_random', 'blood_urea', 'serum_creatinine', 'sodium', 'potassium', 'haemoglobin', 'packed_cell_volume', 'white_blood_cell_count', 'red_blood_cell_count', 'hypertension', 'diabetes_mellitus', 'coronary_artery_disease', 'appetite', 'pedal_edema', 'anemia'] ['age', 'bp', 'sg', 'al', 'su', 'bgr', 'bu', 'sc', 'sod', 'pot', 'hemo', 'pcv', 'wc', 'rc']
expected albumin, white_blood_cell_count, specific_gravity, hypertension, haemoglobin, serum_creatinine, sodium, bacteria, sugar, blood_pressure, potassium, pedal_edema, diabetes_mellitus, packed_cell_volume, appetite, coronary_artery_disease, pus_cell, pus_cell_clumps, red_blood_cells, blood_urea, anemia, blood_glucose_random, red_blood_cell_count in input data
training data did not have the following fields: bu, sg, pot, bp, al, sc, sod, rc, su, hemo, wc, bgr, pcv
2026-04-12T18:42:26.653934+0530 | INFO | app.ml.data_loader:load_kidney_disease | Loaded kidney.csv  shape=(400, 26)  cols=['id', 'age', 'bp', 'sg', 'al']…
2026-04-12T18:42:26.737219+0530 | WARNING | app.ml.pipelines.preprocessing:preprocess_data | SMOTE skipped: The target 'y' needs to have more than 1 class. Got 1 class instead
2026-04-12T18:42:26.738197+0530 | INFO | app.ml.pipelines.preprocessing:preprocess_data | Preprocessing done | disease=kidney train=320 test=80 features=14
2026-04-12T18:42:26.739818+0530 | WARNING | app.services.performance_curves_service:compare_models | Could not generate curves for logistic_regression: The feature names should match those that were passed during fit.
Feature names unseen at fit time:
- al
- bgr
- bp
- bu
- hemo
- ...
Feature names seen at fit time, yet now missing:
- albumin
- anemia
- appetite
- bacteria
- blood_glucose_random
- ...

2026-04-12T18:42:26.935241+0530 | INFO | app.ml.data_loader:load_kidney_disease | Loaded kidney.csv  shape=(400, 26)  cols=['id', 'age', 'bp', 'sg', 'al']…
2026-04-12T18:42:27.011165+0530 | WARNING | app.ml.pipelines.preprocessing:preprocess_data | SMOTE skipped: The target 'y' needs to have more than 1 class. Got 1 class instead
2026-04-12T18:42:27.011974+0530 | INFO | app.ml.pipelines.preprocessing:preprocess_data | Preprocessing done | disease=kidney train=320 test=80 features=14
2026-04-12T18:42:27.013553+0530 | WARNING | app.services.performance_curves_service:compare_models | Could not generate curves for random_forest: The feature names should match those that were passed during fit.
Feature names unseen at fit time:
- al
- bgr
- bp
- bu
- hemo
- ...
Feature names seen at fit time, yet now missing:
- albumin
- anemia
- appetite
- bacteria
- blood_glucose_random
- ...

2026-04-12T18:42:27.034112+0530 | INFO | app.ml.data_loader:load_kidney_disease | Loaded kidney.csv  shape=(400, 26)  cols=['id', 'age', 'bp', 'sg', 'al']…
2026-04-12T18:42:27.260148+0530 | WARNING | app.ml.pipelines.preprocessing:preprocess_data | SMOTE skipped: The target 'y' needs to have more than 1 class. Got 1 class instead
2026-04-12T18:42:27.282373+0530 | INFO | app.ml.pipelines.preprocessing:preprocess_data | Preprocessing done | disease=kidney train=320 test=80 features=14
2026-04-12T18:42:27.316418+0530 | WARNING | app.services.performance_curves_service:compare_models | Could not generate curves for svm: The feature names should match those that were passed during fit.
Feature names unseen at fit time:
- al
- bgr
- bp
- bu
- hemo
- ...
Feature names seen at fit time, yet now missing:
- albumin
- anemia
- appetite
- bacteria
- blood_glucose_random
- ...

2026-04-12T18:42:27.373547+0530 | INFO | app.ml.data_loader:load_kidney_disease | Loaded kidney.csv  shape=(400, 26)  cols=['id', 'age', 'bp', 'sg', 'al']…
2026-04-12T18:42:27.625396+0530 | WARNING | app.ml.pipelines.preprocessing:preprocess_data | SMOTE skipped: The target 'y' needs to have more than 1 class. Got 1 class instead
2026-04-12T18:42:27.626405+0530 | INFO | app.ml.pipelines.preprocessing:preprocess_data | Preprocessing done | disease=kidney train=320 test=80 features=14
2026-04-12T18:42:27.629064+0530 | WARNING | app.services.performance_curves_service:compare_models | Could not generate curves for xgboost: feature_names mismatch: ['age', 'blood_pressure', 'specific_gravity', 'albumin', 'sugar', 'red_blood_cells', 'pus_cell', 'pus_cell_clumps', 'bacteria', 'blood_glucose_random', 'blood_urea', 'serum_creatinine', 'sodium', 'potassium', 'haemoglobin', 'packed_cell_volume', 'white_blood_cell_count', 'red_blood_cell_count', 'hypertension', 'diabetes_mellitus', 'coronary_artery_disease', 'appetite', 'pedal_edema', 'anemia'] ['age', 'bp', 'sg', 'al', 'su', 'bgr', 'bu', 'sc', 'sod', 'pot', 'hemo', 'pcv', 'wc', 'rc']
expected albumin, white_blood_cell_count, specific_gravity, hypertension, haemoglobin, serum_creatinine, sodium, bacteria, sugar, blood_pressure, potassium, pedal_edema, diabetes_mellitus, packed_cell_volume, appetite, coronary_artery_disease, pus_cell, pus_cell_clumps, red_blood_cells, blood_urea, anemia, blood_glucose_random, red_blood_cell_count in input data
training data did not have the following fields: bu, sg, pot, bp, al, sc, sod, rc, su, hemo, wc, bgr, pcv
2026-04-12T18:42:27.660506+0530 | INFO | app.ml.data_loader:load_kidney_disease | Loaded kidney.csv  shape=(400, 26)  cols=['id', 'age', 'bp', 'sg', 'al']…
2026-04-12T18:42:27.723600+0530 | WARNING | app.ml.pipelines.preprocessing:preprocess_data | SMOTE skipped: The target 'y' needs to have more than 1 class. Got 1 class instead
2026-04-12T18:42:27.726315+0530 | INFO | app.ml.pipelines.preprocessing:preprocess_data | Preprocessing done | disease=kidney train=320 test=80 features=14
2026-04-12T18:42:31.438727+0530 | WARNING | app.services.performance_curves_service:compare_models | Could not generate curves for lightgbm: The number of features in data (14) is not the same as it was in training data (24).
You can set ``predict_disable_shape_check=true`` to discard this error, but please be aware what you are doing.
2026-04-12T18:42:31.505086+0530 | INFO | app.ml.data_loader:load_kidney_disease | Loaded kidney.csv  shape=(400, 26)  cols=['id', 'age', 'bp', 'sg', 'al']…
2026-04-12T18:42:31.552837+0530 | WARNING | app.ml.pipelines.preprocessing:preprocess_data | SMOTE skipped: The target 'y' needs to have more than 1 class. Got 1 class instead
2026-04-12T18:42:31.553396+0530 | INFO | app.ml.pipelines.preprocessing:preprocess_data | Preprocessing done | disease=kidney train=320 test=80 features=14
2026-04-12T18:42:31.554585+0530 | WARNING | app.services.performance_curves_service:compare_models | Could not generate curves for stacking: The feature names should match those that were passed during fit.
Feature names unseen at fit time:
- al
- bgr
- bp
- bu
- hemo
- ...
Feature names seen at fit time, yet now missing:
- albumin
- anemia
- appetite
- bacteria
- blood_glucose_random
- ...

